<?xml version="1.0" encoding="UTF-8"?>
<!-- Generated by org.testng.reporters.JUnitXMLReporter -->
<testsuite hostname="Cr0noX" name="Default test" tests="21" failures="0" timestamp="15 Dec 2018 05:42:33 GMT" time="0.999" errors="0">
  <testcase name="@BeforeTest setUp" time="0.0" classname="tests.SetUp">
    <failure type="org.testng.TestNGException" message="
Parameter &amp;apos;driver&amp;apos; is required by @Configuration on method setUp but has not been marked @Optional or defined
in C:\Users\pushk\AppData\Local\Temp\testng-eclipse--1151737064\testng-customsuite.xml">
      <![CDATA[org.testng.TestNGException: 
Parameter 'driver' is required by @Configuration on method setUp but has not been marked @Optional or defined
in C:\Users\pushk\AppData\Local\Temp\testng-eclipse--1151737064\testng-customsuite.xml
	at org.testng.internal.Parameters.createParameters(Parameters.java:154)
	at org.testng.internal.Parameters.createParameters(Parameters.java:361)
	at org.testng.internal.Parameters.createConfigurationParameters(Parameters.java:84)
	at org.testng.internal.Invoker.invokeConfigurations(Invoker.java:197)
	at org.testng.internal.Invoker.invokeConfigurations(Invoker.java:138)
	at org.testng.TestRunner.beforeRun(TestRunner.java:648)
	at org.testng.TestRunner.run(TestRunner.java:616)
	at org.testng.SuiteRunner.runTest(SuiteRunner.java:359)
	at org.testng.SuiteRunner.runSequentially(SuiteRunner.java:354)
	at org.testng.SuiteRunner.privateRun(SuiteRunner.java:312)
	at org.testng.SuiteRunner.run(SuiteRunner.java:261)
	at org.testng.SuiteRunnerWorker.runSuite(SuiteRunnerWorker.java:52)
	at org.testng.SuiteRunnerWorker.run(SuiteRunnerWorker.java:86)
	at org.testng.TestNG.runSuitesSequentially(TestNG.java:1215)
	at org.testng.TestNG.runSuitesLocally(TestNG.java:1140)
	at org.testng.TestNG.run(TestNG.java:1048)
	at org.testng.remote.AbstractRemoteTestNG.run(AbstractRemoteTestNG.java:114)
	at org.testng.remote.RemoteTestNG.initAndRun(RemoteTestNG.java:251)
	at org.testng.remote.RemoteTestNG.main(RemoteTestNG.java:77)
]]>
    </failure>
  </testcase> <!-- @BeforeTest setUp -->
  <testcase name="@BeforeClass setUpClass" time="0.0" classname="tests.Search">
    <skipped/>
  </testcase> <!-- @BeforeClass setUpClass -->
  <testcase name="@BeforeMethod setUpMethod" time="0.0" classname="tests.Search">
    <skipped/>
  </testcase> <!-- @BeforeMethod setUpMethod -->
  <testcase name="@AfterMethod cleanUpMethod" time="0.0" classname="tests.Search">
    <skipped/>
  </testcase> <!-- @AfterMethod cleanUpMethod -->
  <testcase name="@BeforeMethod setUpMethod" time="0.0" classname="tests.Search">
    <skipped/>
  </testcase> <!-- @BeforeMethod setUpMethod -->
  <testcase name="@AfterMethod cleanUpMethod" time="0.0" classname="tests.Search">
    <skipped/>
  </testcase> <!-- @AfterMethod cleanUpMethod -->
  <testcase name="@BeforeClass setUpClass" time="0.0" classname="tests.Master">
    <skipped/>
  </testcase> <!-- @BeforeClass setUpClass -->
  <testcase name="@BeforeMethod setUpMethod" time="0.0" classname="tests.Master">
    <skipped/>
  </testcase> <!-- @BeforeMethod setUpMethod -->
  <testcase name="@AfterMethod cleanUpMethod" time="0.0" classname="tests.Master">
    <skipped/>
  </testcase> <!-- @AfterMethod cleanUpMethod -->
  <testcase name="@BeforeMethod setUpMethod" time="0.0" classname="tests.Master">
    <skipped/>
  </testcase> <!-- @BeforeMethod setUpMethod -->
  <testcase name="@AfterMethod cleanUpMethod" time="0.0" classname="tests.Master">
    <skipped/>
  </testcase> <!-- @AfterMethod cleanUpMethod -->
  <testcase name="@BeforeMethod setUpMethod" time="0.0" classname="tests.Master">
    <skipped/>
  </testcase> <!-- @BeforeMethod setUpMethod -->
  <testcase name="@AfterMethod cleanUpMethod" time="0.0" classname="tests.Master">
    <skipped/>
  </testcase> <!-- @AfterMethod cleanUpMethod -->
  <testcase name="@BeforeMethod setUpMethod" time="0.0" classname="tests.Master">
    <skipped/>
  </testcase> <!-- @BeforeMethod setUpMethod -->
  <testcase name="@AfterMethod cleanUpMethod" time="0.0" classname="tests.Master">
    <skipped/>
  </testcase> <!-- @AfterMethod cleanUpMethod -->
  <testcase name="@BeforeMethod setUpMethod" time="0.0" classname="tests.Master">
    <skipped/>
  </testcase> <!-- @BeforeMethod setUpMethod -->
  <testcase name="@AfterMethod cleanUpMethod" time="0.0" classname="tests.Master">
    <skipped/>
  </testcase> <!-- @AfterMethod cleanUpMethod -->
  <testcase name="@BeforeMethod setUpMethod" time="0.0" classname="tests.Master">
    <skipped/>
  </testcase> <!-- @BeforeMethod setUpMethod -->
  <testcase name="@AfterMethod cleanUpMethod" time="0.0" classname="tests.Master">
    <skipped/>
  </testcase> <!-- @AfterMethod cleanUpMethod -->
  <testcase name="@BeforeMethod setUpMethod" time="0.0" classname="tests.Master">
    <skipped/>
  </testcase> <!-- @BeforeMethod setUpMethod -->
  <testcase name="@AfterMethod cleanUpMethod" time="0.0" classname="tests.Master">
    <skipped/>
  </testcase> <!-- @AfterMethod cleanUpMethod -->
  <testcase name="@BeforeClass setUpClass" time="0.0" classname="tests.Category">
    <skipped/>
  </testcase> <!-- @BeforeClass setUpClass -->
  <testcase name="@BeforeMethod setUpMethod" time="0.0" classname="tests.Category">
    <skipped/>
  </testcase> <!-- @BeforeMethod setUpMethod -->
  <testcase name="@AfterMethod cleanUpMethod" time="0.0" classname="tests.Category">
    <skipped/>
  </testcase> <!-- @AfterMethod cleanUpMethod -->
  <testcase name="@BeforeMethod setUpMethod" time="0.0" classname="tests.Category">
    <skipped/>
  </testcase> <!-- @BeforeMethod setUpMethod -->
  <testcase name="@AfterMethod cleanUpMethod" time="0.0" classname="tests.Category">
    <skipped/>
  </testcase> <!-- @AfterMethod cleanUpMethod -->
  <testcase name="@BeforeMethod setUpMethod" time="0.0" classname="tests.Category">
    <skipped/>
  </testcase> <!-- @BeforeMethod setUpMethod -->
  <testcase name="@AfterMethod cleanUpMethod" time="0.0" classname="tests.Category">
    <skipped/>
  </testcase> <!-- @AfterMethod cleanUpMethod -->
  <testcase name="@BeforeMethod setUpMethod" time="0.0" classname="tests.Category">
    <skipped/>
  </testcase> <!-- @BeforeMethod setUpMethod -->
  <testcase name="@AfterMethod cleanUpMethod" time="0.0" classname="tests.Category">
    <skipped/>
  </testcase> <!-- @AfterMethod cleanUpMethod -->
  <testcase name="@BeforeMethod setUpMethod" time="0.0" classname="tests.Category">
    <skipped/>
  </testcase> <!-- @BeforeMethod setUpMethod -->
  <testcase name="@AfterMethod cleanUpMethod" time="0.0" classname="tests.Category">
    <skipped/>
  </testcase> <!-- @AfterMethod cleanUpMethod -->
  <testcase name="@BeforeClass setUpClass" time="0.0" classname="tests.Register">
    <skipped/>
  </testcase> <!-- @BeforeClass setUpClass -->
  <testcase name="@BeforeMethod setUpMethod" time="0.0" classname="tests.Register">
    <skipped/>
  </testcase> <!-- @BeforeMethod setUpMethod -->
  <testcase name="@AfterMethod cleanUpMethod" time="0.0" classname="tests.Register">
    <skipped/>
  </testcase> <!-- @AfterMethod cleanUpMethod -->
  <testcase name="@BeforeMethod setUpMethod" time="0.0" classname="tests.Register">
    <skipped/>
  </testcase> <!-- @BeforeMethod setUpMethod -->
  <testcase name="@AfterMethod cleanUpMethod" time="0.0" classname="tests.Register">
    <skipped/>
  </testcase> <!-- @AfterMethod cleanUpMethod -->
  <testcase name="@BeforeMethod setUpMethod" time="0.0" classname="tests.Register">
    <skipped/>
  </testcase> <!-- @BeforeMethod setUpMethod -->
  <testcase name="@AfterMethod cleanUpMethod" time="0.0" classname="tests.Register">
    <skipped/>
  </testcase> <!-- @AfterMethod cleanUpMethod -->
  <testcase name="@BeforeMethod setUpMethod" time="0.0" classname="tests.Register">
    <skipped/>
  </testcase> <!-- @BeforeMethod setUpMethod -->
  <testcase name="@AfterMethod cleanUpMethod" time="0.0" classname="tests.Register">
    <skipped/>
  </testcase> <!-- @AfterMethod cleanUpMethod -->
  <testcase name="@BeforeClass setUpClass" time="0.0" classname="tests.Product">
    <skipped/>
  </testcase> <!-- @BeforeClass setUpClass -->
  <testcase name="@BeforeMethod setUpMethod" time="0.0" classname="tests.Product">
    <skipped/>
  </testcase> <!-- @BeforeMethod setUpMethod -->
  <testcase name="@AfterMethod cleanUpMethod" time="0.0" classname="tests.Product">
    <skipped/>
  </testcase> <!-- @AfterMethod cleanUpMethod -->
  <testcase name="@BeforeClass setUpClass" time="0.0" classname="tests.Login">
    <skipped/>
  </testcase> <!-- @BeforeClass setUpClass -->
  <testcase name="@BeforeMethod setUpMethod" time="0.0" classname="tests.Login">
    <skipped/>
  </testcase> <!-- @BeforeMethod setUpMethod -->
  <testcase name="@AfterMethod cleanUpMethod" time="0.0" classname="tests.Login">
    <skipped/>
  </testcase> <!-- @AfterMethod cleanUpMethod -->
  <testcase name="@BeforeMethod setUpMethod" time="0.0" classname="tests.Login">
    <skipped/>
  </testcase> <!-- @BeforeMethod setUpMethod -->
  <testcase name="@AfterMethod cleanUpMethod" time="0.0" classname="tests.Login">
    <skipped/>
  </testcase> <!-- @AfterMethod cleanUpMethod -->
  <testcase name="@AfterTest testFinalize" time="0.0" classname="tests.SetUp">
    <skipped/>
  </testcase> <!-- @AfterTest testFinalize -->
  <testcase name="test001" time="0.014" classname="tests.Search">
    <skipped/>
  </testcase> <!-- test001 -->
  <testcase name="test001" time="0.002" classname="tests.Search">
    <skipped/>
  </testcase> <!-- test001 -->
  <testcase name="test001" time="0.002" classname="tests.Master">
    <skipped/>
  </testcase> <!-- test001 -->
  <testcase name="test001" time="0.001" classname="tests.Master">
    <skipped/>
  </testcase> <!-- test001 -->
  <testcase name="test002" time="0.001" classname="tests.Master">
    <skipped/>
  </testcase> <!-- test002 -->
  <testcase name="test003" time="0.002" classname="tests.Master">
    <skipped/>
  </testcase> <!-- test003 -->
  <testcase name="test004" time="0.001" classname="tests.Master">
    <skipped/>
  </testcase> <!-- test004 -->
  <testcase name="test005" time="0.001" classname="tests.Master">
    <skipped/>
  </testcase> <!-- test005 -->
  <testcase name="test006" time="0.001" classname="tests.Master">
    <skipped/>
  </testcase> <!-- test006 -->
  <testcase name="test001" time="0.002" classname="tests.Category">
    <skipped/>
  </testcase> <!-- test001 -->
  <testcase name="test002" time="0.001" classname="tests.Category">
    <skipped/>
  </testcase> <!-- test002 -->
  <testcase name="test003" time="0.001" classname="tests.Category">
    <skipped/>
  </testcase> <!-- test003 -->
  <testcase name="test003" time="0.001" classname="tests.Category">
    <skipped/>
  </testcase> <!-- test003 -->
  <testcase name="test004" time="0.001" classname="tests.Category">
    <skipped/>
  </testcase> <!-- test004 -->
  <testcase name="test001" time="0.005" classname="tests.Register">
    <skipped/>
  </testcase> <!-- test001 -->
  <testcase name="test002" time="0.001" classname="tests.Register">
    <skipped/>
  </testcase> <!-- test002 -->
  <testcase name="test002" time="0.001" classname="tests.Register">
    <skipped/>
  </testcase> <!-- test002 -->
  <testcase name="test002" time="0.001" classname="tests.Register">
    <skipped/>
  </testcase> <!-- test002 -->
  <testcase name="test001" time="0.005" classname="tests.Product">
    <skipped/>
  </testcase> <!-- test001 -->
  <testcase name="test001" time="0.002" classname="tests.Login">
    <skipped/>
  </testcase> <!-- test001 -->
  <testcase name="test001" time="0.002" classname="tests.Login">
    <skipped/>
  </testcase> <!-- test001 -->
</testsuite> <!-- Default test -->
