<?xml version="1.0" encoding="UTF-8"?>
<!-- Generated by org.testng.reporters.JUnitXMLReporter -->
<testsuite hostname="MuDiVa" ignored="0" name="Test" tests="5" failures="0" timestamp="17 Mar 2019 09:13:48 GMT" time="190.136" errors="0">
  <testcase name="test001" time="6.609" classname="tests.Category"/>
  <testcase name="test002" time="5.16" classname="tests.Category"/>
  <testcase name="test003" time="11.692" classname="tests.Category"/>
  <testcase name="test003" time="11.488" classname="tests.Category"/>
  <testcase name="test004" time="7.039" classname="tests.Category"/>
</testsuite> <!-- Test -->
